Running: C:\Xilinx\14.2\ISE_DS\ISE\bin\nt64\unwrapped\fuse.exe -intstyle ise -incremental -lib simprims_ver -lib unisims_ver -lib unimacro_ver -lib xilinxcorelib_ver -o C:/Users/Alejandro/Desktop/Version 4 Proyecto 2/proyecto1/SIMU_MICRO_ROM_isim_par.exe -prj C:/Users/Alejandro/Desktop/Version 4 Proyecto 2/proyecto1/SIMU_MICRO_ROM_par.prj work.SIMU_MICRO_ROM work.glbl 
ISim P.28xd (signature 0xa0883be4)
Number of CPUs detected in this system: 8
Turning on mult-threading, number of parallel sub-compilation jobs: 16 
Determining compilation order of HDL files
Analyzing Verilog file "C:/Users/Alejandro/Desktop/Version 4 Proyecto 2/proyecto1/netgen/par/Proyecto2_NOREFPOT_ROM_timesim.v" into library work
Analyzing Verilog file "C:/Users/Alejandro/Desktop/Version 4 Proyecto 2/proyecto1/dasds.v" into library work
Starting static elaboration
Completed static elaboration
Compiling module X_BUF
Compiling module X_XOR2
Compiling module mux
Compiling module X_MUX2
Compiling module X_LUT4(INIT=16'b1001011010010110...
Compiling module X_AND2
Compiling module X_ZERO
Compiling module X_ONE
Compiling module X_INV(LOC="SLICE_X49Y73")
Compiling module sffsrce
Compiling module X_SFF
Compiling module X_OPAD
Compiling module X_OBUF
Compiling module X_IPAD
Compiling module X_PD
Compiling module x_dcm_sp_clock_divide_by_2
Compiling module x_dcm_sp_maximum_period_check(cl...
Compiling module x_dcm_sp_maximum_period_check(cl...
Compiling module x_dcm_sp_clock_lost
Compiling module X_DCM_SP(CLKDV_DIVIDE=4.5,CLKIN_...
Compiling module X_BUFGMUX(LOC="BUFGMUX_X1Y10")
Compiling module X_MULT18X18SIO(AREG=0,BREG=0,PRE...
Compiling module ffsrce
Compiling module X_FF
Compiling module Proyecto2_NOREFPOT_ROM
Compiling module SIMU_MICRO_ROM
Compiling module glbl
Time Resolution for simulation is 1ps.
Waiting for 4 sub-compilation(s) to finish...
Compiled 945 Verilog Units
Built simulation executable C:/Users/Alejandro/Desktop/Version 4 Proyecto 2/proyecto1/SIMU_MICRO_ROM_isim_par.exe
Fuse Memory Usage: 48576 KB
Fuse CPU Usage: 2355 ms
